<?xml version="1.0" encoding="UTF-8"?>
<!-- Generated by org.testng.reporters.JUnitXMLReporter -->
<testsuite ignored="0" hostname="Bhupendras-MacBook-Pro.local" failures="0" tests="7" name="Test Class 2" time="23.264" errors="0" timestamp="2021-06-13T14:12:45 IST">
  <testcase classname="test.NewItem" name="verify_dashboard_menu" time="14.631"/>
  <testcase classname="test.NewItem" name="create_new_item" time="0.23"/>
  <testcase classname="test.NewItem" name="check_negative_case_try_to_submit_form_without_data_values" time="0.272"/>
  <testcase classname="test.NewItem" name="fill_form_to_create_new_item" time="4.728"/>
  <testcase classname="test.NewItem" name="submit_add_new_item_with_valid_data" time="3.132"/>
  <testcase classname="test.NewItem" name="navigate_item_list_and_search_newly_added_sku_item" time="0.229"/>
  <testcase classname="test.NewItem" name="verify_newly_added_sku_item" time="0.03"/>
</testsuite> <!-- Test Class 2 -->
