<?xml version="1.0" encoding="UTF-8"?>
<!-- Generated by org.testng.reporters.JUnitXMLReporter -->
<testsuite ignored="0" hostname="Bhupendras-MacBook-Pro.local" failures="0" tests="11" name="Test Class 1" time="10.769" errors="0" timestamp="2021-06-13T14:12:17 IST">
  <testcase classname="test.Login" name="open_login_page" time="6.57"/>
  <testcase classname="test.Login" name="verify_presence_of_domain_name_input_field" time="0.079"/>
  <testcase classname="test.Login" name="enter_domain_name" time="0.408"/>
  <testcase classname="test.Login" name="verify_presence_of_domain_submit_button" time="0.041"/>
  <testcase classname="test.Login" name="submit_domain_name" time="0.054"/>
  <testcase classname="test.Login" name="verify_presence_of_email_textbox" time="0.745"/>
  <testcase classname="test.Login" name="verify_presence_of_password_textbox" time="0.028"/>
  <testcase classname="test.Login" name="verify_presence_of_login_details_submit_button" time="0.035"/>
  <testcase classname="test.Login" name="enter_and_submit_invalid_login_details" time="0.372"/>
  <testcase classname="test.Login" name="verify_invalid_login_validation" time="2.041"/>
  <testcase classname="test.Login" name="enter_and_submit_valid_login_details" time="0.313"/>
</testsuite> <!-- Test Class 1 -->
