<?xml version="1.0" encoding="UTF-8"?>
<!-- Generated by org.testng.reporters.JUnitXMLReporter -->
<testsuite ignored="0" hostname="Bhupendras-MacBook-Pro.local" failures="0" tests="15" name="Test Class 3" time="5.193" errors="0" timestamp="2020-07-11T15:18:25 IST">
  <testcase classname="parkplus.Tenant" name="open_tetant_login_page" time="0.021"/>
  <testcase classname="parkplus.Tenant" name="clear_phone_text_field" time="0.005"/>
  <testcase classname="parkplus.Tenant" name="input_phone_number_in_text_field" time="0.005"/>
  <testcase classname="parkplus.Tenant" name="Click_on_verify_button" time="0.012"/>
  <testcase classname="parkplus.Tenant" name="enter_otp_in_otp_boxes" time="0.009"/>
  <testcase classname="parkplus.Tenant" name="submit_otp" time="1.012"/>
  <testcase classname="parkplus.Tenant" name="Click_on_scan_qr_code_button_to_entry" time="1.013"/>
  <testcase classname="parkplus.Tenant" name="Enter_qr_code_to_store_entry" time="0.026"/>
  <testcase classname="parkplus.Tenant" name="submit_qr_code_for__visitor_entry" time="0.007"/>
  <testcase classname="parkplus.Tenant" name="enter_vistors_in_store" time="1.011"/>
  <testcase classname="parkplus.Tenant" name="Click_on_scan_qr_code_button_to_exit" time="1.008"/>
  <testcase classname="parkplus.Tenant" name="Enter_qr_code_to_exit" time="0.01"/>
  <testcase classname="parkplus.Tenant" name="submit_qr_code_for_exit" time="0.009"/>
  <testcase classname="parkplus.Tenant" name="exit_vistors_from_store" time="1.007"/>
  <testcase classname="parkplus.Tenant" name="tenant_logout" time="0.006"/>
</testsuite> <!-- Test Class 3 -->
