<?xml version="1.0" encoding="UTF-8"?>
<!-- Generated by org.testng.reporters.JUnitXMLReporter -->
<testsuite ignored="0" hostname="Bhupendras-MacBook-Pro.local" failures="0" tests="11" name="Test Class 1" time="11.595" errors="0" timestamp="2021-06-13T16:17:55 IST">
  <testcase classname="test.Login" name="open_login_page" time="6.583"/>
  <testcase classname="test.Login" name="verify_presence_of_domain_name_input_field" time="0.082"/>
  <testcase classname="test.Login" name="enter_domain_name" time="1.064"/>
  <testcase classname="test.Login" name="verify_presence_of_domain_submit_button" time="0.031"/>
  <testcase classname="test.Login" name="submit_domain_name" time="0.054"/>
  <testcase classname="test.Login" name="verify_presence_of_email_textbox" time="0.883"/>
  <testcase classname="test.Login" name="verify_presence_of_password_textbox" time="0.033"/>
  <testcase classname="test.Login" name="verify_presence_of_login_details_submit_button" time="0.039"/>
  <testcase classname="test.Login" name="enter_and_submit_invalid_login_details" time="0.331"/>
  <testcase classname="test.Login" name="verify_invalid_login_validation" time="2.034"/>
  <testcase classname="test.Login" name="enter_and_submit_valid_login_details" time="0.379"/>
</testsuite> <!-- Test Class 1 -->
