<?xml version="1.0" encoding="UTF-8"?>
<testng-results ignored="0" total="18" passed="16" failed="2" skipped="0">
  <reporter-output>
  </reporter-output>
  <suite started-at="2021-06-13T15:13:26 IST" name="Suite" finished-at="2021-06-13T15:17:19 IST" duration-ms="232240">
    <groups>
    </groups>
    <test started-at="2021-06-13T15:13:26 IST" name="Test Class 1" finished-at="2021-06-13T15:13:43 IST" duration-ms="16711">
      <class name="test.Login">
        <test-method signature="open_login_page()[pri:0, instance:test.Login@54d9d12d]" started-at="2021-06-13T15:13:26 IST" name="open_login_page" finished-at="2021-06-13T15:13:39 IST" duration-ms="12284" status="PASS">
          <reporter-output>
          </reporter-output>
        </test-method> <!-- open_login_page -->
        <test-method signature="verify_presence_of_domain_name_input_field()[pri:1, instance:test.Login@54d9d12d]" started-at="2021-06-13T15:13:39 IST" name="verify_presence_of_domain_name_input_field" finished-at="2021-06-13T15:13:39 IST" duration-ms="115" status="PASS">
          <reporter-output>
          </reporter-output>
        </test-method> <!-- verify_presence_of_domain_name_input_field -->
        <test-method signature="enter_domain_name()[pri:2, instance:test.Login@54d9d12d]" started-at="2021-06-13T15:13:39 IST" name="enter_domain_name" finished-at="2021-06-13T15:13:39 IST" duration-ms="294" status="PASS">
          <reporter-output>
          </reporter-output>
        </test-method> <!-- enter_domain_name -->
        <test-method signature="verify_presence_of_domain_submit_button()[pri:3, instance:test.Login@54d9d12d]" started-at="2021-06-13T15:13:39 IST" name="verify_presence_of_domain_submit_button" finished-at="2021-06-13T15:13:39 IST" duration-ms="37" status="PASS">
          <reporter-output>
          </reporter-output>
        </test-method> <!-- verify_presence_of_domain_submit_button -->
        <test-method signature="submit_domain_name()[pri:4, instance:test.Login@54d9d12d]" started-at="2021-06-13T15:13:39 IST" name="submit_domain_name" finished-at="2021-06-13T15:13:39 IST" duration-ms="62" status="PASS">
          <reporter-output>
          </reporter-output>
        </test-method> <!-- submit_domain_name -->
        <test-method signature="verify_presence_of_email_textbox()[pri:5, instance:test.Login@54d9d12d]" started-at="2021-06-13T15:13:39 IST" name="verify_presence_of_email_textbox" finished-at="2021-06-13T15:13:40 IST" duration-ms="965" status="PASS">
          <reporter-output>
          </reporter-output>
        </test-method> <!-- verify_presence_of_email_textbox -->
        <test-method signature="verify_presence_of_password_textbox()[pri:6, instance:test.Login@54d9d12d]" started-at="2021-06-13T15:13:40 IST" name="verify_presence_of_password_textbox" finished-at="2021-06-13T15:13:40 IST" duration-ms="28" status="PASS">
          <reporter-output>
          </reporter-output>
        </test-method> <!-- verify_presence_of_password_textbox -->
        <test-method signature="verify_presence_of_login_details_submit_button()[pri:7, instance:test.Login@54d9d12d]" started-at="2021-06-13T15:13:40 IST" name="verify_presence_of_login_details_submit_button" finished-at="2021-06-13T15:13:40 IST" duration-ms="29" status="PASS">
          <reporter-output>
          </reporter-output>
        </test-method> <!-- verify_presence_of_login_details_submit_button -->
        <test-method signature="enter_and_submit_invalid_login_details()[pri:8, instance:test.Login@54d9d12d]" started-at="2021-06-13T15:13:40 IST" name="enter_and_submit_invalid_login_details" finished-at="2021-06-13T15:13:41 IST" duration-ms="376" status="PASS">
          <reporter-output>
          </reporter-output>
        </test-method> <!-- enter_and_submit_invalid_login_details -->
        <test-method signature="verify_invalid_login_validation()[pri:9, instance:test.Login@54d9d12d]" started-at="2021-06-13T15:13:41 IST" name="verify_invalid_login_validation" finished-at="2021-06-13T15:13:43 IST" duration-ms="2029" status="PASS">
          <reporter-output>
          </reporter-output>
        </test-method> <!-- verify_invalid_login_validation -->
        <test-method signature="enter_and_submit_valid_login_details()[pri:10, instance:test.Login@54d9d12d]" started-at="2021-06-13T15:13:43 IST" name="enter_and_submit_valid_login_details" finished-at="2021-06-13T15:13:43 IST" duration-ms="383" status="PASS">
          <reporter-output>
          </reporter-output>
        </test-method> <!-- enter_and_submit_valid_login_details -->
      </class> <!-- test.Login -->
    </test> <!-- Test Class 1 -->
    <test started-at="2021-06-13T15:13:48 IST" name="Test Class 2" finished-at="2021-06-13T15:17:19 IST" duration-ms="210407">
      <class name="test.NewItem">
        <test-method is-config="true" signature="initbrowser(java.lang.String)[pri:0, instance:test.NewItem@6ed3ccb2]" started-at="2021-06-13T15:13:24 IST" name="initbrowser" finished-at="2021-06-13T15:13:26 IST" duration-ms="2714" status="PASS">
          <params>
            <param index="0">
              <value>
                <![CDATA[chrome]]>
              </value>
            </param>
          </params>
          <reporter-output>
          </reporter-output>
        </test-method> <!-- initbrowser -->
        <test-method signature="verify_dashboard_menu()[pri:3, instance:test.NewItem@6ed3ccb2]" started-at="2021-06-13T15:13:48 IST" name="verify_dashboard_menu" finished-at="2021-06-13T15:14:18 IST" duration-ms="30135" status="PASS">
          <reporter-output>
          </reporter-output>
        </test-method> <!-- verify_dashboard_menu -->
        <test-method signature="create_new_item()[pri:4, instance:test.NewItem@6ed3ccb2]" started-at="2021-06-13T15:14:18 IST" name="create_new_item" finished-at="2021-06-13T15:14:48 IST" duration-ms="30031" status="FAIL">
          <exception class="junit.framework.AssertionFailedError">
            <full-stacktrace>
              <![CDATA[junit.framework.AssertionFailedError
at junit.framework.Assert.fail(Assert.java:55)
at junit.framework.Assert.assertTrue(Assert.java:22)
at junit.framework.Assert.assertTrue(Assert.java:31)
at common.TestBase.click(TestBase.java:342)
at test.NewItem.create_new_item(NewItem.java:42)
at java.base/jdk.internal.reflect.NativeMethodAccessorImpl.invoke0(Native Method)
at java.base/jdk.internal.reflect.NativeMethodAccessorImpl.invoke(NativeMethodAccessorImpl.java:62)
at java.base/jdk.internal.reflect.DelegatingMethodAccessorImpl.invoke(DelegatingMethodAccessorImpl.java:43)
at java.base/java.lang.reflect.Method.invoke(Method.java:564)
at org.testng.internal.MethodInvocationHelper.invokeMethod(MethodInvocationHelper.java:133)
at org.testng.internal.TestInvoker.invokeMethod(TestInvoker.java:584)
at org.testng.internal.TestInvoker.invokeTestMethod(TestInvoker.java:172)
at org.testng.internal.MethodRunner.runInSequence(MethodRunner.java:46)
at org.testng.internal.TestInvoker$MethodInvocationAgent.invoke(TestInvoker.java:804)
at org.testng.internal.TestInvoker.invokeTestMethods(TestInvoker.java:145)
at org.testng.internal.TestMethodWorker.invokeTestMethods(TestMethodWorker.java:146)
at org.testng.internal.TestMethodWorker.run(TestMethodWorker.java:128)
at java.base/java.util.ArrayList.forEach(ArrayList.java:1510)
at org.testng.TestRunner.privateRun(TestRunner.java:770)
at org.testng.TestRunner.run(TestRunner.java:591)
at org.testng.SuiteRunner.runTest(SuiteRunner.java:402)
at org.testng.SuiteRunner.runSequentially(SuiteRunner.java:396)
at org.testng.SuiteRunner.privateRun(SuiteRunner.java:355)
at org.testng.SuiteRunner.run(SuiteRunner.java:304)
at org.testng.SuiteRunnerWorker.runSuite(SuiteRunnerWorker.java:53)
at org.testng.SuiteRunnerWorker.run(SuiteRunnerWorker.java:96)
at org.testng.TestNG.runSuitesSequentially(TestNG.java:1180)
at org.testng.TestNG.runSuitesLocally(TestNG.java:1102)
at org.testng.TestNG.runSuites(TestNG.java:1032)
at org.testng.TestNG.run(TestNG.java:1000)
at org.testng.remote.AbstractRemoteTestNG.run(AbstractRemoteTestNG.java:115)
at org.testng.remote.RemoteTestNG.initAndRun(RemoteTestNG.java:251)
at org.testng.remote.RemoteTestNG.main(RemoteTestNG.java:77)
]]>
            </full-stacktrace>
          </exception> <!-- junit.framework.AssertionFailedError -->
          <reporter-output>
          </reporter-output>
        </test-method> <!-- create_new_item -->
        <test-method signature="check_negative_case_try_to_submit_form_without_data_values()[pri:5, instance:test.NewItem@6ed3ccb2]" started-at="2021-06-13T15:14:48 IST" name="check_negative_case_try_to_submit_form_without_data_values" finished-at="2021-06-13T15:15:18 IST" duration-ms="30022" status="PASS">
          <reporter-output>
          </reporter-output>
        </test-method> <!-- check_negative_case_try_to_submit_form_without_data_values -->
        <test-method signature="fill_form_to_create_new_item()[pri:6, instance:test.NewItem@6ed3ccb2]" started-at="2021-06-13T15:15:18 IST" name="fill_form_to_create_new_item" finished-at="2021-06-13T15:15:48 IST" duration-ms="30045" status="FAIL">
          <exception class="junit.framework.AssertionFailedError">
            <full-stacktrace>
              <![CDATA[junit.framework.AssertionFailedError
at junit.framework.Assert.fail(Assert.java:55)
at junit.framework.Assert.assertTrue(Assert.java:22)
at junit.framework.Assert.assertTrue(Assert.java:31)
at common.TestBase.click(TestBase.java:342)
at test.NewItem.fill_form_to_create_new_item(NewItem.java:92)
at java.base/jdk.internal.reflect.NativeMethodAccessorImpl.invoke0(Native Method)
at java.base/jdk.internal.reflect.NativeMethodAccessorImpl.invoke(NativeMethodAccessorImpl.java:62)
at java.base/jdk.internal.reflect.DelegatingMethodAccessorImpl.invoke(DelegatingMethodAccessorImpl.java:43)
at java.base/java.lang.reflect.Method.invoke(Method.java:564)
at org.testng.internal.MethodInvocationHelper.invokeMethod(MethodInvocationHelper.java:133)
at org.testng.internal.TestInvoker.invokeMethod(TestInvoker.java:584)
at org.testng.internal.TestInvoker.invokeTestMethod(TestInvoker.java:172)
at org.testng.internal.MethodRunner.runInSequence(MethodRunner.java:46)
at org.testng.internal.TestInvoker$MethodInvocationAgent.invoke(TestInvoker.java:804)
at org.testng.internal.TestInvoker.invokeTestMethods(TestInvoker.java:145)
at org.testng.internal.TestMethodWorker.invokeTestMethods(TestMethodWorker.java:146)
at org.testng.internal.TestMethodWorker.run(TestMethodWorker.java:128)
at java.base/java.util.ArrayList.forEach(ArrayList.java:1510)
at org.testng.TestRunner.privateRun(TestRunner.java:770)
at org.testng.TestRunner.run(TestRunner.java:591)
at org.testng.SuiteRunner.runTest(SuiteRunner.java:402)
at org.testng.SuiteRunner.runSequentially(SuiteRunner.java:396)
at org.testng.SuiteRunner.privateRun(SuiteRunner.java:355)
at org.testng.SuiteRunner.run(SuiteRunner.java:304)
at org.testng.SuiteRunnerWorker.runSuite(SuiteRunnerWorker.java:53)
at org.testng.SuiteRunnerWorker.run(SuiteRunnerWorker.java:96)
at org.testng.TestNG.runSuitesSequentially(TestNG.java:1180)
at org.testng.TestNG.runSuitesLocally(TestNG.java:1102)
at org.testng.TestNG.runSuites(TestNG.java:1032)
at org.testng.TestNG.run(TestNG.java:1000)
at org.testng.remote.AbstractRemoteTestNG.run(AbstractRemoteTestNG.java:115)
at org.testng.remote.RemoteTestNG.initAndRun(RemoteTestNG.java:251)
at org.testng.remote.RemoteTestNG.main(RemoteTestNG.java:77)
]]>
            </full-stacktrace>
          </exception> <!-- junit.framework.AssertionFailedError -->
          <reporter-output>
          </reporter-output>
        </test-method> <!-- fill_form_to_create_new_item -->
        <test-method signature="submit_add_new_item_with_valid_data()[pri:7, instance:test.NewItem@6ed3ccb2]" started-at="2021-06-13T15:15:48 IST" name="submit_add_new_item_with_valid_data" finished-at="2021-06-13T15:16:18 IST" duration-ms="30022" status="PASS">
          <reporter-output>
          </reporter-output>
        </test-method> <!-- submit_add_new_item_with_valid_data -->
        <test-method signature="navigate_item_list_and_search_newly_added_sku_item()[pri:8, instance:test.NewItem@6ed3ccb2]" started-at="2021-06-13T15:16:18 IST" name="navigate_item_list_and_search_newly_added_sku_item" finished-at="2021-06-13T15:16:49 IST" duration-ms="30085" status="PASS">
          <reporter-output>
          </reporter-output>
        </test-method> <!-- navigate_item_list_and_search_newly_added_sku_item -->
        <test-method signature="verify_newly_added_sku_item()[pri:8, instance:test.NewItem@6ed3ccb2]" started-at="2021-06-13T15:16:49 IST" name="verify_newly_added_sku_item" finished-at="2021-06-13T15:17:19 IST" duration-ms="30054" status="PASS">
          <reporter-output>
          </reporter-output>
        </test-method> <!-- verify_newly_added_sku_item -->
      </class> <!-- test.NewItem -->
    </test> <!-- Test Class 2 -->
  </suite> <!-- Suite -->
</testng-results>
